<?xml version="1.0" encoding="UTF-8"?>
<!-- Generated by org.testng.reporters.JUnitReportReporter -->
<testsuite hostname="LIN-5CD5329NTL" failures="0" tests="3" name="sample.Groups" time="0.016" errors="0" timestamp="2025-10-17T10:33:08 IST" skipped="0">
  <testcase classname="sample.Groups" name="C" time="0.001"/>
  <testcase classname="sample.Groups" name="E" time="0.001"/>
  <testcase classname="sample.Groups" name="B" time="0.014"/>
</testsuite> <!-- sample.Groups -->
