<?xml version="1.0" encoding="UTF-8"?>
<!-- Generated by org.testng.reporters.JUnitReportReporter -->
<testsuite hostname="LIN-5CD5329NTL" failures="0" tests="3" name="sample.App" time="10.165" errors="0" timestamp="2025-10-17T15:53:57 IST" skipped="0">
  <testcase classname="sample.App" name="logintc" time="2.639"/>
  <testcase classname="sample.App" name="logintc" time="4.737"/>
  <testcase classname="sample.App" name="logintc" time="2.789"/>
</testsuite> <!-- sample.App -->
