<?xml version="1.0" encoding="UTF-8"?>
<!-- Generated by org.testng.reporters.JUnitReportReporter -->
<testsuite hostname="LIN-5CD5329NTL" failures="0" tests="2" name="sample.ToursTest" time="1.896" errors="0" timestamp="2025-10-17T10:25:10 IST" skipped="0">
  <testcase classname="sample.ToursTest" name="login" time="1.855"/>
  <testcase classname="sample.ToursTest" name="verifySignOn" time="0.041"/>
</testsuite> <!-- sample.ToursTest -->
