<?xml version="1.0" encoding="UTF-8"?>
<!-- Generated by org.testng.reporters.JUnitReportReporter -->
<testsuite hostname="LIN-5CD5329NTL" failures="0" tests="2" name="sample.DpDemo" time="0.014" errors="0" timestamp="2025-10-17T16:41:03 IST" skipped="0">
  <testcase classname="sample.DpDemo" name="f" time="0.002"/>
  <testcase classname="sample.DpDemo" name="f" time="0.012"/>
</testsuite> <!-- sample.DpDemo -->
